<?xml version="1.0" encoding="UTF-8"?>
<!-- Generated by org.testng.reporters.JUnitXMLReporter -->
<testsuite hostname="DESKTOP-A85GCCO" ignored="3" tests="2" failures="0" timestamp="2021-09-11T14:23:26 EDT" time="15.324" errors="0">
  <testcase name="filterSearchTest" time="2.276" classname="Admin"/>
  <testcase name="test03" time="2.036" classname="Leave"/>
  <testcase name="test02" time="0.0" classname="Leave">
    <ignored/>
  </testcase> <!-- test02 -->
  <testcase name="test02" time="0.0" classname="Admin">
    <ignored/>
  </testcase> <!-- test02 -->
  <testcase name="test01" time="0.0" classname="Admin">
    <ignored/>
  </testcase> <!-- test01 -->
</testsuite>
