<?xml version="1.0" encoding="UTF-8"?>
<!-- Generated by org.testng.reporters.JUnitXMLReporter -->
<testsuite hostname="DESKTOP-A85GCCO" ignored="6" tests="0" failures="0" timestamp="2021-09-11T14:23:26 EDT" time="0.001" errors="0">
  <testcase name="test03" time="0.0" classname="Leave">
    <ignored/>
  </testcase> <!-- test03 -->
  <testcase name="test02" time="0.0" classname="Leave">
    <ignored/>
  </testcase> <!-- test02 -->
  <testcase name="filterSearchTest" time="0.0" classname="Admin">
    <ignored/>
  </testcase> <!-- filterSearchTest -->
  <testcase name="test01" time="0.0" classname="MyInfo">
    <ignored/>
  </testcase> <!-- test01 -->
  <testcase name="test02" time="0.0" classname="Admin">
    <ignored/>
  </testcase> <!-- test02 -->
  <testcase name="test01" time="0.0" classname="Admin">
    <ignored/>
  </testcase> <!-- test01 -->
</testsuite>
