<?xml version="1.0" encoding="UTF-8"?>
<testng-results skipped="0" failed="0" ignored="9" total="11" passed="2">
  <reporter-output>
  </reporter-output>
  <suite name="Selenium Tests" duration-ms="15376" started-at="2021-09-11T14:23:10 EDT" finished-at="2021-09-11T14:23:26 EDT">
    <groups>
    </groups>
    <test name="admin page tests" duration-ms="15324" started-at="2021-09-11T14:23:10 EDT" finished-at="2021-09-11T14:23:26 EDT">
      <class name="Leave">
        <test-method status="PASS" signature="SetUp()[pri:0, instance:Leave@7d9d1a19]" name="SetUp" is-config="true" duration-ms="4649" started-at="2021-09-11T14:23:19 EDT" finished-at="2021-09-11T14:23:23 EDT">
          <reporter-output>
          </reporter-output>
        </test-method> <!-- SetUp -->
        <test-method status="PASS" signature="test03()[pri:0, instance:Leave@7d9d1a19]" name="test03" duration-ms="2036" started-at="2021-09-11T14:23:23 EDT" description="Verify you can see text &quot;No Leave Types with Leave Balance&quot;" finished-at="2021-09-11T14:23:26 EDT">
          <reporter-output>
          </reporter-output>
        </test-method> <!-- test03 -->
        <test-method status="PASS" signature="tearDown()[pri:0, instance:Leave@7d9d1a19]" name="tearDown" is-config="true" duration-ms="224" started-at="2021-09-11T14:23:26 EDT" finished-at="2021-09-11T14:23:26 EDT">
          <reporter-output>
          </reporter-output>
        </test-method> <!-- tearDown -->
      </class> <!-- Leave -->
      <class name="Admin">
        <test-method status="PASS" signature="SetUp()[pri:0, instance:Admin@c038203]" name="SetUp" is-config="true" duration-ms="5850" started-at="2021-09-11T14:23:10 EDT" finished-at="2021-09-11T14:23:16 EDT">
          <reporter-output>
          </reporter-output>
        </test-method> <!-- SetUp -->
        <test-method status="PASS" signature="filterSearchTest()[pri:0, instance:Admin@c038203]" name="filterSearchTest" duration-ms="2276" started-at="2021-09-11T14:23:16 EDT" finished-at="2021-09-11T14:23:19 EDT">
          <reporter-output>
          </reporter-output>
        </test-method> <!-- filterSearchTest -->
        <test-method status="PASS" signature="tearDown()[pri:0, instance:Admin@c038203]" name="tearDown" is-config="true" duration-ms="219" started-at="2021-09-11T14:23:19 EDT" finished-at="2021-09-11T14:23:19 EDT">
          <reporter-output>
          </reporter-output>
        </test-method> <!-- tearDown -->
      </class> <!-- Admin -->
    </test> <!-- admin page tests -->
    <test name="group test example" duration-ms="1" started-at="2021-09-11T14:23:26 EDT" finished-at="2021-09-11T14:23:26 EDT">
    </test> <!-- group test example -->
  </suite> <!-- Selenium Tests -->
</testng-results>
